----------------------------------------------------------------------------------------------------
------------------------------------------- Mega-Linter --------------------------------------------
----------------------------------------------------------------------------------------------------
 - Image Creation Date: 2021-07-25T12:34:25Z
 - Image Revision: 5d762011
 - Image Version: v4
----------------------------------------------------------------------------------------------------
The Mega-Linter documentation can be found at:
 - https://nvuillam.github.io/mega-linter
----------------------------------------------------------------------------------------------------
GITHUB_REPOSITORY: ronj/docker-infra
GITHUB_SHA: 6085b77ddf9b84850c36132a28e74ab1986a39ee
GITHUB_REF: refs/pull/1/merge
GITHUB_TOKEN: ghs_Tqz1UeFMoTE90EETiFMFYcaE2D6D3T4WlcGg
GITHUB_RUN_ID: 1087083168


Skipped linters: ANSIBLE_ANSIBLE_LINT, ARM_ARM_TTK, BASH_EXEC, BASH_SHELLCHECK, BASH_SHFMT, CLOJURE_CLJ_KONDO, CLOUDFORMATION_CFN_LINT, COFFEE_COFFEELINT, COPYPASTE_JSCPD, CPP_CPPLINT, CSHARP_DOTNET_FORMAT, CSS_SCSS_LINT, CSS_STYLELINT, C_CPPLINT, DART_DARTANALYZER, DOCKERFILE_DOCKERFILELINT, DOCKERFILE_HADOLINT, EDITORCONFIG_EDITORCONFIG_CHECKER, ENV_DOTENV_LINTER, GHERKIN_GHERKIN_LINT, GIT_GIT_DIFF, GO_GOLANGCI_LINT, GO_REVIVE, GRAPHQL_GRAPHQL_SCHEMA_LINTER, GROOVY_NPM_GROOVY_LINT, HTML_HTMLHINT, JAVASCRIPT_ES, JAVASCRIPT_PRETTIER, JAVASCRIPT_STANDARD, JAVA_CHECKSTYLE, JSON_ESLINT_PLUGIN_JSONC, JSON_JSONLINT, JSON_PRETTIER, JSON_V8R, JSX_ESLINT, KOTLIN_KTLINT, KUBERNETES_KUBEVAL, LATEX_CHKTEX, LUA_LUACHECK, MARKDOWN_REMARK_LINT, OPENAPI_SPECTRAL, PERL_PERLCRITIC, PHP_BUILTIN, PHP_PHPCS, PHP_PHPSTAN, PHP_PSALM, POWERSHELL_POWERSHELL, PROTOBUF_PROTOLINT, PUPPET_PUPPET_LINT, PYTHON_BANDIT, PYTHON_BLACK, PYTHON_FLAKE8, PYTHON_ISORT, PYTHON_MYPY, PYTHON_PYLINT, RAKU_RAKU, RST_RSTCHECK, RST_RSTFMT, RST_RST_LINT, RUBY_RUBOCOP, RUST_CLIPPY, R_LINTR, SALESFORCE_SFDX_SCANNER_APEX, SALESFORCE_SFDX_SCANNER_AURA, SALESFORCE_SFDX_SCANNER_LWC, SCALA_SCALAFIX, SNAKEMAKE_LINT, SNAKEMAKE_SNAKEFMT, SPELL_CSPELL, SQL_SQLFLUFF, SQL_SQL_LINT, SWIFT_SWIFTLINT, TEKTON_TEKTON_LINT, TERRAFORM_CHECKOV, TERRAFORM_TERRAFORM_FMT, TERRAFORM_TERRAGRUNT, TERRAFORM_TERRASCAN, TERRAFORM_TFLINT, TSX_ESLINT, TYPESCRIPT_ES, TYPESCRIPT_PRETTIER, TYPESCRIPT_STANDARD, VBDOTNET_DOTNET_FORMAT, XML_XMLLINT
To receive reports as email, please set variable EMAIL_REPORTER_EMAIL
Listing updated files in [/github/workspace] using git diff, then filter with:
Warning: Unable to pull current branch 6085b77ddf9b84850c36132a28e74ab1986a39ee
Git diff :
infra/traefik-dynamic.yml
- File extensions: .md, .yaml, .yml
Kept [1] files on [1] found files

+----MATCHING LINTERS---+------------+----------------+------------+
| Descriptor | Linter   | Criteria   | Matching files | Format/Fix |
+------------+----------+------------+----------------+------------+
| SPELL      | misspell |            | 1              | yes        |
| YAML       | prettier | .yml|.yaml | 1              | yes        |
| YAML       | yamllint | .yml|.yaml | 1              | no         |
| YAML       | v8r      | .yml|.yaml | 1              | no         |
+------------+----------+------------+----------------+------------+


[1m### Processed [SPELL] files[0m
- Using [misspell v0.3.4] https://github.com/client9/misspell
- Mega-Linter key: [SPELL_MISSPELL]
- Rules config: identified by [misspell]
[misspell] infra/traefik-dynamic.yml
[32m✅ Linted [SPELL] files with [misspell] successfully - (0.04s)[0m
[Text Reporter] Generated TEXT report: /github/workspace/report/linters_logs/SUCCESS-SPELL_MISSPELL.log

[1m### Processed [YAML] files[0m
- Using [prettier v2.3.2] https://prettier.io/
- Mega-Linter key: [YAML_PRETTIER]
- Rules config: identified by [prettier]
[36m[prettier] infra/traefik-dynamic.yml - SUCCESS - 0 error(s) - FIXED[0m
[32m✅ Linted [YAML] files with [prettier] successfully - (0.65s)[0m
[Text Reporter] Generated TEXT report: /github/workspace/report/linters_logs/SUCCESS-YAML_PRETTIER.log

[1m### Processed [YAML] files[0m
- Using [yamllint v1.26.1] https://yamllint.readthedocs.io/
- Mega-Linter key: [YAML_YAMLLINT]
- Rules config: [.yaml-lint.yml]
[yamllint] infra/traefik-dynamic.yml - SUCCESS - 0 error(s)
[32m✅ Linted [YAML] files with [yamllint] successfully - (0.14s)[0m
[Text Reporter] Generated TEXT report: /github/workspace/report/linters_logs/SUCCESS-YAML_YAMLLINT.log

[1m### Processed [YAML] files[0m
- Using [v8r v0.5.0] https://github.com/chris48s/v8r
- Mega-Linter key: [YAML_V8R]
- Rules config: identified by [v8r]
[v8r] infra/traefik-dynamic.yml - SUCCESS - 0 error(s)
[32m✅ Linted [YAML] files with [v8r] successfully - (0.69s)[0m
[Text Reporter] Generated TEXT report: /github/workspace/report/linters_logs/SUCCESS-YAML_V8R.log

+----SUMMARY-+----------+-------+-------+--------+--------------+
| Descriptor | Linter   | Files | Fixed | Errors | Elapsed time |
+------------+----------+-------+-------+--------+--------------+
| ✅ SPELL   | misspell |     1 |     0 |      0 |        0.04s |
| ✅ YAML    | prettier |     1 |     1 |      0 |        0.65s |
| ✅ YAML    | v8r      |     1 |       |      0 |        0.69s |
| ✅ YAML    | yamllint |     1 |       |      0 |        0.14s |
+------------+----------+-------+-------+--------+--------------+

Identified PR#1 from environment
[GitHub Comment Reporter] Posted summary as comment on ronj/docker-infra #PR1
[Updated Sources Reporter] copied 1 fixed source files in folder /github/workspace/report/updated_sources.
Download it from artifacts then copy-paste it in your local repo to apply linters updates
✅ Successfully linted all files without errors
